<?xml version="1.0" encoding="UTF-8"?>
<testsuite xmlns:xsi="http://www.w3.org/2001/XMLSchema-instance" xsi:noNamespaceSchemaLocation="https://maven.apache.org/surefire/maven-surefire-plugin/xsd/surefire-test-report.xsd" name="Permikina.ReflectionDemoTest" time="0.316" tests="4" errors="0" skipped="0" failures="1">
  <properties>
[...]
</properties>
  <testcase name="testGetNamesOfPublicMethods1" classname="Permikina.ReflectionDemoTest" time="0.174"/>
  <testcase name="testGetCountOfHumanAndDerives" classname="Permikina.ReflectionDemoTest" time="0.013"/>
  <testcase name="testGetAllSuperclasses" classname="Permikina.ReflectionDemoTest" time="0.016">
    <failure message="expected:&lt;[Human, java.lang.Object]&gt; but was:&lt;[Permikina.Human, java.lang.Object]&gt;" type="java.lang.AssertionError"><![CDATA[java.lang.AssertionError: expected:<[Human, java.lang.Object]> but was:<[Permikina.Human, java.lang.Object]>
	at Permikina.ReflectionDemoTest.testGetAllSuperclasses(ReflectionDemoTest.java:70)
]]></failure>
  </testcase>
  <testcase name="testGetNamesOfPublicMethods" classname="Permikina.ReflectionDemoTest" time="0.002"/>
</testsuite>